<?xml version="1.0" encoding="UTF-8"?>
<!-- Generated by org.testng.reporters.JUnitReportReporter -->
<testsuite hostname="Sandz" failures="0" tests="2" name="APIGetMethodTest.GetApiTest" time="0.821" errors="0" timestamp="2020-08-20T15:19:02 GMT-04:00" skipped="0">
  <testcase classname="APIGetMethodTest.GetApiTest" name="getAPItestWithHeader" time="0.191"/>
  <system-out/>
  <testcase classname="APIGetMethodTest.GetApiTest" name="getAPItest" time="0.630"/>
  <system-out/>
</testsuite> <!-- APIGetMethodTest.GetApiTest -->
