<?xml version="1.0" encoding="UTF-8"?>
<!-- Generated by org.testng.reporters.JUnitReportReporter -->
<testsuite hostname="Sandz" failures="0" tests="1" name="APIGetMethodTest.GetApiTest" time="0.650" errors="0" timestamp="2020-08-19T19:36:19 GMT-04:00" skipped="0">
  <testcase classname="APIGetMethodTest.GetApiTest" name="getAPItest" time="0.650"/>
  <system-out/>
</testsuite> <!-- APIGetMethodTest.GetApiTest -->
